Flutter crash report.
Please report a bug at https://github.com/flutter/flutter/issues.

## command

flutter run -d chrome

## exception

DartDevelopmentServiceException: DartDevelopmentServiceException: WebSocketChannelException: WebSocketException: Connection to 'http://127.0.0.1:43467/YgBGFk2upO4=/ws#' was not upgraded to websocket

```
```

## flutter doctor

```
[32m[✓][39m Flutter (Channel stable, 3.41.4, on Linux Mint 22.2 6.8.0-106-generic, locale
    en_US.UTF-8) [248ms]
    [32m•[39m Flutter version 3.41.4 on channel stable at /home/shamim/flutter
    [32m•[39m Upstream repository https://github.com/flutter/flutter.git
    [32m•[39m Framework revision ff37bef603 (3 weeks ago), 2026-03-03 16:03:22 -0800
    [32m•[39m Engine revision e4b8dca3f1
    [32m•[39m Dart version 3.11.1
    [32m•[39m DevTools version 2.54.1
    [32m•[39m Feature flags: enable-web, enable-linux-desktop, enable-macos-desktop,
      enable-windows-desktop, enable-android, enable-ios, cli-animations,
      enable-native-assets, omit-legacy-version-file, enable-lldb-debugging,
      enable-uiscene-migration

[31m[✗][39m Android toolchain - develop for Android devices [96ms]
    [31m✗[39m Unable to locate Android SDK.
      Install Android Studio from: https://developer.android.com/studio/index.html
      On first launch it will assist you in installing the Android SDK components.
      (or visit https://flutter.dev/to/linux-android-setup for detailed
      instructions).
      If the Android SDK has been installed to a custom location, please use
      `flutter config --android-sdk` to update to that location.


[32m[✓][39m Chrome - develop for the web [32ms]
    [32m•[39m Chrome at google-chrome

[31m[✗][39m Linux toolchain - develop for Linux desktop [1,877ms]
    [31m✗[39m clang++ is required for Linux development.
      It is likely available from your distribution (e.g.: apt install clang), or can
      be downloaded from https://releases.llvm.org/
    [31m✗[39m CMake is required for Linux development.
      It is likely available from your distribution (e.g.: apt install cmake), or can
      be downloaded from https://cmake.org/download/
    [31m✗[39m ninja is required for Linux development.
      It is likely available from your distribution (e.g.: apt install ninja-build),
      or can be downloaded from https://github.com/ninja-build/ninja/releases
    [32m•[39m pkg-config version 1.8.1
    [31m✗[39m GTK 3.0 development libraries are required for Linux development.
      They are likely available from your distribution (e.g.: apt install
      libgtk-3-dev)
    [32m•[39m OpenGL core renderer: Mesa Intel(R) HD Graphics 5500 (BDW GT2) (X11)
    [32m•[39m OpenGL core version: 4.6 (Core Profile) Mesa 25.2.8-0ubuntu0.24.04.1 (X11)
    [32m•[39m OpenGL core shading language version: 4.60 (X11)
    [32m•[39m OpenGL ES renderer: Mesa Intel(R) HD Graphics 5500 (BDW GT2) (X11)
    [32m•[39m OpenGL ES version: OpenGL ES 3.2 Mesa 25.2.8-0ubuntu0.24.04.1 (X11)
    [32m•[39m OpenGL ES shading language version: OpenGL ES GLSL ES 3.20 (X11)
    [32m•[39m GL_EXT_framebuffer_blit: yes (X11)
    [32m•[39m GL_EXT_texture_format_BGRA8888: yes (X11)

[32m[✓][39m Connected device (2 available) [211ms]
    [32m•[39m Linux (desktop) • linux  • linux-x64      • Linux Mint 22.2 6.8.0-106-generic
    [32m•[39m Chrome (web)    • chrome • web-javascript • Google Chrome 146.0.7680.153

[32m[✓][39m Network resources [1,580ms]
    [32m•[39m All expected network resources are available.

[33m![39m Doctor found issues in 2 categories.
```
